<?xml version="1.0" encoding="UTF-8"?>
<testsuite name="ReverseStringTest" tests="6" skipped="0" failures="0" errors="0" timestamp="2019-12-16T17:57:56" hostname="VJ-BASSEY" time="0.006">
  <properties/>
  <testcase name="testAWord" classname="ReverseStringTest" time="0.004"/>
  <testcase name="testAnEmptyString" classname="ReverseStringTest" time="0.0"/>
  <testcase name="testACapitalizedWord" classname="ReverseStringTest" time="0.0"/>
  <testcase name="testASentenceWithPunctuation" classname="ReverseStringTest" time="0.0"/>
  <testcase name="testAPalindrome" classname="ReverseStringTest" time="0.0"/>
  <testcase name="testAnEvenSizedWord" classname="ReverseStringTest" time="0.0"/>
  <system-out><![CDATA[]]></system-out>
  <system-err><![CDATA[]]></system-err>
</testsuite>
